0 info it worked if it ends with ok
1 verbose cli [ 'c:\\Program Files\\nodejs\\node.exe',
1 verbose cli   'c:\\Program Files\\nodejs\\node_modules\\npm\\bin\\npm-cli.js',
1 verbose cli   'install' ]
2 info using npm@1.4.28
3 info using node@v0.10.32
4 verbose readDependencies using package.json deps
5 verbose install where, deps [ 'c:\\Users\\Yaroslava\\MaKE_DIr\\FrontEndProject_Reader',
5 verbose install   [ 'express',
5 verbose install     'grunt',
5 verbose install     'grunt-contrib-cssmin',
5 verbose install     'grunt-contrib-less',
5 verbose install     'grunt-contrib-requirejs',
5 verbose install     'grunt-contrib-watch',
5 verbose install     'grunt-nodemon',
5 verbose install     'iconv-lite',
5 verbose install     'jquery-file-upload-middleware',
5 verbose install     'jschardet',
5 verbose install     'rmdir',
5 verbose install     'unzip',
5 verbose install     'wikipedia-js',
5 verbose install     'xml2js' ] ]
6 info preinstall fb2Reader@0.0.0
7 verbose readDependencies using package.json deps
8 verbose already installed skipping express@^4.10.2 c:\Users\Yaroslava\MaKE_DIr\FrontEndProject_Reader
9 verbose already installed skipping grunt@^0.4.5 c:\Users\Yaroslava\MaKE_DIr\FrontEndProject_Reader
10 verbose already installed skipping grunt-contrib-cssmin@^0.10.0 c:\Users\Yaroslava\MaKE_DIr\FrontEndProject_Reader
11 verbose already installed skipping grunt-contrib-less@^0.12.0 c:\Users\Yaroslava\MaKE_DIr\FrontEndProject_Reader
12 verbose already installed skipping grunt-contrib-requirejs@^0.4.4 c:\Users\Yaroslava\MaKE_DIr\FrontEndProject_Reader
13 verbose already installed skipping grunt-contrib-watch@^0.6.1 c:\Users\Yaroslava\MaKE_DIr\FrontEndProject_Reader
14 verbose already installed skipping grunt-nodemon@^0.3.0 c:\Users\Yaroslava\MaKE_DIr\FrontEndProject_Reader
15 verbose already installed skipping iconv-lite@^0.4.5 c:\Users\Yaroslava\MaKE_DIr\FrontEndProject_Reader
16 verbose already installed skipping jquery-file-upload-middleware@^0.1.7 c:\Users\Yaroslava\MaKE_DIr\FrontEndProject_Reader
17 verbose already installed skipping jschardet@^1.1.0 c:\Users\Yaroslava\MaKE_DIr\FrontEndProject_Reader
18 verbose already installed skipping rmdir@^1.0.4 c:\Users\Yaroslava\MaKE_DIr\FrontEndProject_Reader
19 verbose already installed skipping unzip@^0.1.11 c:\Users\Yaroslava\MaKE_DIr\FrontEndProject_Reader
20 verbose already installed skipping wikipedia-js@0.0.6 c:\Users\Yaroslava\MaKE_DIr\FrontEndProject_Reader
21 verbose already installed skipping xml2js@^0.4.4 c:\Users\Yaroslava\MaKE_DIr\FrontEndProject_Reader
22 silly resolved []
23 info build c:\Users\Yaroslava\MaKE_DIr\FrontEndProject_Reader
24 verbose linkStuff [ false, false, false, 'c:\\Users\\Yaroslava\\MaKE_DIr' ]
25 info linkStuff fb2Reader@0.0.0
26 verbose linkBins fb2Reader@0.0.0
27 verbose linkMans fb2Reader@0.0.0
28 verbose rebuildBundles fb2Reader@0.0.0
29 verbose rebuildBundles [ '.bin',
29 verbose rebuildBundles   'express',
29 verbose rebuildBundles   'grunt',
29 verbose rebuildBundles   'grunt-contrib',
29 verbose rebuildBundles   'grunt-contrib-cssmin',
29 verbose rebuildBundles   'grunt-contrib-jshint',
29 verbose rebuildBundles   'grunt-contrib-less',
29 verbose rebuildBundles   'grunt-contrib-requirejs',
29 verbose rebuildBundles   'grunt-contrib-uglify',
29 verbose rebuildBundles   'grunt-contrib-watch',
29 verbose rebuildBundles   'grunt-nodemon',
29 verbose rebuildBundles   'iconv-lite',
29 verbose rebuildBundles   'jquery-file-upload-middleware',
29 verbose rebuildBundles   'jschardet',
29 verbose rebuildBundles   'rmdir',
29 verbose rebuildBundles   'unzip',
29 verbose rebuildBundles   'wikipedia-js',
29 verbose rebuildBundles   'xml2js' ]
30 verbose rebuild bundle c:\Users\Yaroslava\MaKE_DIr\FrontEndProject_Reader\node_modules\grunt-contrib
31 info build c:\Users\Yaroslava\MaKE_DIr\FrontEndProject_Reader\node_modules\grunt-contrib
32 info preinstall grunt-contrib@0.11.0
33 verbose linkStuff [ false,
33 verbose linkStuff   false,
33 verbose linkStuff   false,
33 verbose linkStuff   'c:\\Users\\Yaroslava\\MaKE_DIr\\FrontEndProject_Reader\\node_modules' ]
34 info linkStuff grunt-contrib@0.11.0
35 verbose linkBins grunt-contrib@0.11.0
36 verbose linkMans grunt-contrib@0.11.0
37 verbose rebuildBundles grunt-contrib@0.11.0
38 verbose rebuildBundles [ 'matchdep' ]
39 info install grunt-contrib@0.11.0
40 info postinstall grunt-contrib@0.11.0
41 verbose rebuild bundle c:\Users\Yaroslava\MaKE_DIr\FrontEndProject_Reader\node_modules\grunt-contrib-jshint
42 info build c:\Users\Yaroslava\MaKE_DIr\FrontEndProject_Reader\node_modules\grunt-contrib-jshint
43 info preinstall grunt-contrib-jshint@0.10.0
44 verbose linkStuff [ false,
44 verbose linkStuff   false,
44 verbose linkStuff   false,
44 verbose linkStuff   'c:\\Users\\Yaroslava\\MaKE_DIr\\FrontEndProject_Reader\\node_modules' ]
45 info linkStuff grunt-contrib-jshint@0.10.0
46 verbose linkBins grunt-contrib-jshint@0.10.0
47 verbose linkMans grunt-contrib-jshint@0.10.0
48 verbose rebuildBundles grunt-contrib-jshint@0.10.0
49 verbose rebuildBundles [ 'hooker', 'jshint' ]
50 info install grunt-contrib-jshint@0.10.0
51 info postinstall grunt-contrib-jshint@0.10.0
52 verbose rebuild bundle c:\Users\Yaroslava\MaKE_DIr\FrontEndProject_Reader\node_modules\grunt-contrib-uglify
53 info build c:\Users\Yaroslava\MaKE_DIr\FrontEndProject_Reader\node_modules\grunt-contrib-uglify
54 info preinstall grunt-contrib-uglify@0.6.0
55 verbose linkStuff [ false,
55 verbose linkStuff   false,
55 verbose linkStuff   false,
55 verbose linkStuff   'c:\\Users\\Yaroslava\\MaKE_DIr\\FrontEndProject_Reader\\node_modules' ]
56 info linkStuff grunt-contrib-uglify@0.6.0
57 verbose linkBins grunt-contrib-uglify@0.6.0
58 verbose linkMans grunt-contrib-uglify@0.6.0
59 verbose rebuildBundles grunt-contrib-uglify@0.6.0
60 verbose rebuildBundles [ '.bin', 'chalk', 'lodash', 'maxmin', 'uglify-js', 'uri-path' ]
61 info install grunt-contrib-uglify@0.6.0
62 info postinstall grunt-contrib-uglify@0.6.0
63 info install fb2Reader@0.0.0
64 info postinstall fb2Reader@0.0.0
65 info prepublish fb2Reader@0.0.0
66 error peerinvalid The package grunt-contrib-cssmin does not satisfy its siblings' peerDependencies requirements!
66 error peerinvalid Peer grunt-contrib@0.11.0 wants grunt-contrib-cssmin@~0.9.0
67 error System Windows_NT 6.2.9200
68 error command "c:\\Program Files\\nodejs\\node.exe" "c:\\Program Files\\nodejs\\node_modules\\npm\\bin\\npm-cli.js" "install"
69 error cwd c:\Users\Yaroslava\MaKE_DIr\FrontEndProject_Reader
70 error node -v v0.10.32
71 error npm -v 1.4.28
72 error code EPEERINVALID
73 verbose exit [ 1, true ]
