0 info it worked if it ends with ok
1 verbose cli [ 'c:\\Program Files\\nodejs\\node.exe',
1 verbose cli   'c:\\Program Files\\nodejs\\node_modules\\npm\\bin\\npm-cli.js',
1 verbose cli   'install' ]
2 info using npm@1.4.28
3 info using node@v0.10.32
4 verbose readDependencies using package.json deps
5 verbose install where, deps [ 'c:\\Users\\Yaroslava\\MaKE_DIr\\FrontEndProject_Reader',
5 verbose install   [ 'express',
5 verbose install     'fs-extra',
5 verbose install     'grunt',
5 verbose install     'grunt-contrib-cssmin',
5 verbose install     'grunt-contrib-less',
5 verbose install     'grunt-contrib-requirejs',
5 verbose install     'grunt-contrib-watch',
5 verbose install     'grunt-nodemon',
5 verbose install     'iconv-lite',
5 verbose install     'jquery-file-upload-middleware',
5 verbose install     'jschardet',
5 verbose install     'rmdir',
5 verbose install     'unzip',
5 verbose install     'xml2js' ] ]
6 info preinstall fb2Reader@0.0.0
7 verbose readDependencies using package.json deps
8 verbose already installed skipping express@^4.10.2 c:\Users\Yaroslava\MaKE_DIr\FrontEndProject_Reader
9 verbose cache add [ 'fs-extra@^0.13.0', null ]
10 verbose cache add name=undefined spec="fs-extra@^0.13.0" args=["fs-extra@^0.13.0",null]
11 verbose parsed url { protocol: null,
11 verbose parsed url   slashes: null,
11 verbose parsed url   auth: null,
11 verbose parsed url   host: null,
11 verbose parsed url   port: null,
11 verbose parsed url   hostname: null,
11 verbose parsed url   hash: null,
11 verbose parsed url   search: null,
11 verbose parsed url   query: null,
11 verbose parsed url   pathname: 'fs-extra@^0.13.0',
11 verbose parsed url   path: 'fs-extra@^0.13.0',
11 verbose parsed url   href: 'fs-extra@^0.13.0' }
12 verbose already installed skipping grunt@^0.4.5 c:\Users\Yaroslava\MaKE_DIr\FrontEndProject_Reader
13 verbose already installed skipping grunt-contrib-cssmin@^0.10.0 c:\Users\Yaroslava\MaKE_DIr\FrontEndProject_Reader
14 verbose already installed skipping grunt-contrib-less@^0.12.0 c:\Users\Yaroslava\MaKE_DIr\FrontEndProject_Reader
15 verbose already installed skipping grunt-contrib-requirejs@^0.4.4 c:\Users\Yaroslava\MaKE_DIr\FrontEndProject_Reader
16 verbose already installed skipping grunt-contrib-watch@^0.6.1 c:\Users\Yaroslava\MaKE_DIr\FrontEndProject_Reader
17 verbose already installed skipping grunt-nodemon@^0.3.0 c:\Users\Yaroslava\MaKE_DIr\FrontEndProject_Reader
18 verbose already installed skipping iconv-lite@^0.4.5 c:\Users\Yaroslava\MaKE_DIr\FrontEndProject_Reader
19 verbose already installed skipping jquery-file-upload-middleware@^0.1.7 c:\Users\Yaroslava\MaKE_DIr\FrontEndProject_Reader
20 verbose already installed skipping jschardet@^1.1.0 c:\Users\Yaroslava\MaKE_DIr\FrontEndProject_Reader
21 verbose already installed skipping rmdir@^1.0.4 c:\Users\Yaroslava\MaKE_DIr\FrontEndProject_Reader
22 verbose already installed skipping unzip@^0.1.11 c:\Users\Yaroslava\MaKE_DIr\FrontEndProject_Reader
23 verbose already installed skipping xml2js@^0.4.4 c:\Users\Yaroslava\MaKE_DIr\FrontEndProject_Reader
24 verbose cache add name="fs-extra" spec="^0.13.0" args=["fs-extra","^0.13.0"]
25 verbose parsed url { protocol: null,
25 verbose parsed url   slashes: null,
25 verbose parsed url   auth: null,
25 verbose parsed url   host: null,
25 verbose parsed url   port: null,
25 verbose parsed url   hostname: null,
25 verbose parsed url   hash: null,
25 verbose parsed url   search: null,
25 verbose parsed url   query: null,
25 verbose parsed url   pathname: '^0.13.0',
25 verbose parsed url   path: '^0.13.0',
25 verbose parsed url   href: '^0.13.0' }
26 verbose addNamed [ 'fs-extra', '^0.13.0' ]
27 verbose addNamed [ null, '>=0.13.0-0 <0.14.0-0' ]
28 silly lockFile eae7fd1b-fs-extra-0-13-0 fs-extra@^0.13.0
29 verbose lock fs-extra@^0.13.0 C:\Users\Yaroslava\AppData\Roaming\npm-cache\eae7fd1b-fs-extra-0-13-0.lock
30 silly addNameRange { name: 'fs-extra',
30 silly addNameRange   range: '>=0.13.0-0 <0.14.0-0',
30 silly addNameRange   hasData: false }
31 verbose request where is /fs-extra
32 verbose request registry https://registry.npmjs.org/
33 verbose request id f0fdd5854c031312
34 verbose url raw /fs-extra
35 verbose url resolving [ 'https://registry.npmjs.org/', './fs-extra' ]
36 verbose url resolved https://registry.npmjs.org/fs-extra
37 verbose request where is https://registry.npmjs.org/fs-extra
38 info trying registry request attempt 1 at 17:44:45
39 verbose etag "45636DSWN6TJEM21H9M1UAHEV"
40 http GET https://registry.npmjs.org/fs-extra
41 http 200 https://registry.npmjs.org/fs-extra
42 silly registry.get cb [ 200,
42 silly registry.get   { date: 'Thu, 18 Dec 2014 15:44:47 GMT',
42 silly registry.get     server: 'CouchDB/1.5.0 (Erlang OTP/R16B03)',
42 silly registry.get     etag: '"474O8L36YZ6XN0TT97FCYP2W2"',
42 silly registry.get     'content-type': 'application/json',
42 silly registry.get     'cache-control': 'max-age=60',
42 silly registry.get     'content-length': '51856',
42 silly registry.get     'accept-ranges': 'bytes',
42 silly registry.get     via: '1.1 varnish',
42 silly registry.get     age: '9',
42 silly registry.get     'x-served-by': 'cache-fra1245-FRA',
42 silly registry.get     'x-cache': 'HIT',
42 silly registry.get     'x-cache-hits': '1',
42 silly registry.get     'x-timer': 'S1418917487.683921,VS0,VE0',
42 silly registry.get     vary: 'Accept',
42 silly registry.get     'keep-alive': 'timeout=10, max=50',
42 silly registry.get     connection: 'Keep-Alive' } ]
43 silly addNameRange number 2 { name: 'fs-extra',
43 silly addNameRange   range: '>=0.13.0-0 <0.14.0-0',
43 silly addNameRange   hasData: true }
44 silly addNameRange versions [ 'fs-extra',
44 silly addNameRange   [ '0.0.1',
44 silly addNameRange     '0.0.11',
44 silly addNameRange     '0.0.3',
44 silly addNameRange     '0.0.4',
44 silly addNameRange     '0.1.0',
44 silly addNameRange     '0.1.1',
44 silly addNameRange     '0.1.2',
44 silly addNameRange     '0.1.3',
44 silly addNameRange     '0.2.0',
44 silly addNameRange     '0.2.1',
44 silly addNameRange     '0.3.0',
44 silly addNameRange     '0.3.1',
44 silly addNameRange     '0.3.2',
44 silly addNameRange     '0.4.0',
44 silly addNameRange     '0.5.0',
44 silly addNameRange     '0.6.0',
44 silly addNameRange     '0.6.1',
44 silly addNameRange     '0.6.2',
44 silly addNameRange     '0.6.3',
44 silly addNameRange     '0.6.4',
44 silly addNameRange     '0.7.0',
44 silly addNameRange     '0.7.1',
44 silly addNameRange     '0.8.0',
44 silly addNameRange     '0.8.1',
44 silly addNameRange     '0.9.0',
44 silly addNameRange     '0.9.1',
44 silly addNameRange     '0.10.0',
44 silly addNameRange     '0.11.0',
44 silly addNameRange     '0.11.1',
44 silly addNameRange     '0.12.0',
44 silly addNameRange     '0.13.0' ] ]
45 verbose addNamed [ 'fs-extra', '0.13.0' ]
46 verbose addNamed [ '0.13.0', '0.13.0' ]
47 silly lockFile fe13d157-fs-extra-0-13-0 fs-extra@0.13.0
48 verbose lock fs-extra@0.13.0 C:\Users\Yaroslava\AppData\Roaming\npm-cache\fe13d157-fs-extra-0-13-0.lock
49 silly lockFile 3daca5e8-org-fs-extra-fs-extra-0-13-0-tgz https://registry.npmjs.org/fs-extra/-/fs-extra-0.13.0.tgz
50 verbose lock https://registry.npmjs.org/fs-extra/-/fs-extra-0.13.0.tgz C:\Users\Yaroslava\AppData\Roaming\npm-cache\3daca5e8-org-fs-extra-fs-extra-0-13-0-tgz.lock
51 verbose addRemoteTarball [ 'https://registry.npmjs.org/fs-extra/-/fs-extra-0.13.0.tgz',
51 verbose addRemoteTarball   'dcafc10f2cb5184f2360b5ffff06267370539433' ]
52 info retry fetch attempt 1 at 17:44:45
53 verbose fetch to= C:\Users\YAROSL~1\AppData\Local\Temp\npm-10012-9uV9oR1S\registry.npmjs.org\fs-extra\-\fs-extra-0.13.0.tgz
54 http GET https://registry.npmjs.org/fs-extra/-/fs-extra-0.13.0.tgz
55 http 200 https://registry.npmjs.org/fs-extra/-/fs-extra-0.13.0.tgz
56 silly lockFile 3daca5e8-org-fs-extra-fs-extra-0-13-0-tgz https://registry.npmjs.org/fs-extra/-/fs-extra-0.13.0.tgz
57 silly lockFile 3daca5e8-org-fs-extra-fs-extra-0-13-0-tgz https://registry.npmjs.org/fs-extra/-/fs-extra-0.13.0.tgz
58 silly lockFile fe13d157-fs-extra-0-13-0 fs-extra@0.13.0
59 silly lockFile fe13d157-fs-extra-0-13-0 fs-extra@0.13.0
60 silly lockFile eae7fd1b-fs-extra-0-13-0 fs-extra@^0.13.0
61 silly lockFile eae7fd1b-fs-extra-0-13-0 fs-extra@^0.13.0
62 silly resolved [ { name: 'fs-extra',
62 silly resolved     version: '0.13.0',
62 silly resolved     description: 'fs-extra contains methods that aren\'t included in the vanilla Node.js fs package. Such as mkdir -p, cp -r, and rm -rf.',
62 silly resolved     homepage: 'https://github.com/jprichardson/node-fs-extra',
62 silly resolved     repository:
62 silly resolved      { type: 'git',
62 silly resolved        url: 'https://github.com/jprichardson/node-fs-extra' },
62 silly resolved     keywords:
62 silly resolved      [ 'fs',
62 silly resolved        'file',
62 silly resolved        'file system',
62 silly resolved        'copy',
62 silly resolved        'directory',
62 silly resolved        'extra',
62 silly resolved        'mkdirp',
62 silly resolved        'mkdir',
62 silly resolved        'mkdirs',
62 silly resolved        'recursive',
62 silly resolved        'json',
62 silly resolved        'read',
62 silly resolved        'write',
62 silly resolved        'extra',
62 silly resolved        'delete',
62 silly resolved        'remove',
62 silly resolved        'touch',
62 silly resolved        'create',
62 silly resolved        'text',
62 silly resolved        'output',
62 silly resolved        'move' ],
62 silly resolved     author: { name: 'JP Richardson', email: 'jprichardson@gmail.com' },
62 silly resolved     licenses: [ [Object] ],
62 silly resolved     dependencies: { ncp: '^1.0.1', jsonfile: '^2.0.0', rimraf: '^2.2.8' },
62 silly resolved     devDependencies:
62 silly resolved      { mocha: '*',
62 silly resolved        testutil: '^0.7.0',
62 silly resolved        'secure-random': '^1.1.1',
62 silly resolved        'mock-fs': '^2.3.2' },
62 silly resolved     main: './lib/index',
62 silly resolved     scripts: { test: 'mocha test' },
62 silly resolved     gitHead: '760efd6c2cd75c598dc59c7095728e4cad385128',
62 silly resolved     bugs: { url: 'https://github.com/jprichardson/node-fs-extra/issues' },
62 silly resolved     _id: 'fs-extra@0.13.0',
62 silly resolved     _shasum: 'dcafc10f2cb5184f2360b5ffff06267370539433',
62 silly resolved     _from: 'fs-extra@^0.13.0',
62 silly resolved     _npmVersion: '2.1.11',
62 silly resolved     _nodeVersion: '0.10.26',
62 silly resolved     _npmUser: { name: 'jp', email: 'jprichardson@gmail.com' },
62 silly resolved     maintainers: [ [Object] ],
62 silly resolved     dist:
62 silly resolved      { shasum: 'dcafc10f2cb5184f2360b5ffff06267370539433',
62 silly resolved        tarball: 'http://registry.npmjs.org/fs-extra/-/fs-extra-0.13.0.tgz' },
62 silly resolved     directories: {},
62 silly resolved     _resolved: 'https://registry.npmjs.org/fs-extra/-/fs-extra-0.13.0.tgz' } ]
63 info install fs-extra@0.13.0 into c:\Users\Yaroslava\MaKE_DIr\FrontEndProject_Reader
64 info installOne fs-extra@0.13.0
65 verbose node_modules\fs-extra unbuild
66 verbose tar unpack C:\Users\Yaroslava\AppData\Roaming\npm-cache\fs-extra\0.13.0\package.tgz
67 silly lockFile 5b3b9c5a-ect-Reader-node-modules-fs-extra tar://c:\Users\Yaroslava\MaKE_DIr\FrontEndProject_Reader\node_modules\fs-extra
68 verbose lock tar://c:\Users\Yaroslava\MaKE_DIr\FrontEndProject_Reader\node_modules\fs-extra C:\Users\Yaroslava\AppData\Roaming\npm-cache\5b3b9c5a-ect-Reader-node-modules-fs-extra.lock
69 silly lockFile 5b52affe-ache-fs-extra-0-13-0-package-tgz tar://C:\Users\Yaroslava\AppData\Roaming\npm-cache\fs-extra\0.13.0\package.tgz
70 verbose lock tar://C:\Users\Yaroslava\AppData\Roaming\npm-cache\fs-extra\0.13.0\package.tgz C:\Users\Yaroslava\AppData\Roaming\npm-cache\5b52affe-ache-fs-extra-0-13-0-package-tgz.lock
71 silly gunzTarPerm modes [ '777', '666' ]
72 silly gunzTarPerm extractEntry package.json
73 silly gunzTarPerm modified mode [ 'package.json', 493, 511 ]
74 silly gunzTarPerm extractEntry .npmignore
75 silly gunzTarPerm modified mode [ '.npmignore', 420, 438 ]
76 silly gunzTarPerm extractEntry README.md
77 silly gunzTarPerm modified mode [ 'README.md', 420, 438 ]
78 silly gunzTarPerm extractEntry LICENSE
79 silly gunzTarPerm modified mode [ 'LICENSE', 420, 438 ]
80 silly gunzTarPerm extractEntry CHANGELOG.md
81 silly gunzTarPerm modified mode [ 'CHANGELOG.md', 420, 438 ]
82 silly gunzTarPerm extractEntry lib/copy.js
83 silly gunzTarPerm modified mode [ 'lib/copy.js', 420, 438 ]
84 silly gunzTarPerm extractEntry lib/create.js
85 silly gunzTarPerm modified mode [ 'lib/create.js', 420, 438 ]
86 silly gunzTarPerm extractEntry lib/index.js
87 silly gunzTarPerm modified mode [ 'lib/index.js', 420, 438 ]
88 silly gunzTarPerm extractEntry lib/json.js
89 silly gunzTarPerm modified mode [ 'lib/json.js', 420, 438 ]
90 silly gunzTarPerm extractEntry lib/mkdir.js
91 silly gunzTarPerm modified mode [ 'lib/mkdir.js', 420, 438 ]
92 silly gunzTarPerm extractEntry lib/move.js
93 silly gunzTarPerm modified mode [ 'lib/move.js', 420, 438 ]
94 silly gunzTarPerm extractEntry lib/output.js
95 silly gunzTarPerm modified mode [ 'lib/output.js', 420, 438 ]
96 silly gunzTarPerm extractEntry lib/remove.js
97 silly gunzTarPerm modified mode [ 'lib/remove.js', 420, 438 ]
98 silly lockFile 5b3b9c5a-ect-Reader-node-modules-fs-extra tar://c:\Users\Yaroslava\MaKE_DIr\FrontEndProject_Reader\node_modules\fs-extra
99 silly lockFile 5b3b9c5a-ect-Reader-node-modules-fs-extra tar://c:\Users\Yaroslava\MaKE_DIr\FrontEndProject_Reader\node_modules\fs-extra
100 silly lockFile 5b52affe-ache-fs-extra-0-13-0-package-tgz tar://C:\Users\Yaroslava\AppData\Roaming\npm-cache\fs-extra\0.13.0\package.tgz
101 silly lockFile 5b52affe-ache-fs-extra-0-13-0-package-tgz tar://C:\Users\Yaroslava\AppData\Roaming\npm-cache\fs-extra\0.13.0\package.tgz
102 info preinstall fs-extra@0.13.0
103 verbose readDependencies using package.json deps
104 verbose readDependencies using package.json deps
105 verbose cache add [ 'ncp@^1.0.1', null ]
106 verbose cache add name=undefined spec="ncp@^1.0.1" args=["ncp@^1.0.1",null]
107 verbose parsed url { protocol: null,
107 verbose parsed url   slashes: null,
107 verbose parsed url   auth: null,
107 verbose parsed url   host: null,
107 verbose parsed url   port: null,
107 verbose parsed url   hostname: null,
107 verbose parsed url   hash: null,
107 verbose parsed url   search: null,
107 verbose parsed url   query: null,
107 verbose parsed url   pathname: 'ncp@^1.0.1',
107 verbose parsed url   path: 'ncp@^1.0.1',
107 verbose parsed url   href: 'ncp@^1.0.1' }
108 verbose cache add [ 'jsonfile@^2.0.0', null ]
109 verbose cache add name=undefined spec="jsonfile@^2.0.0" args=["jsonfile@^2.0.0",null]
110 verbose parsed url { protocol: null,
110 verbose parsed url   slashes: null,
110 verbose parsed url   auth: null,
110 verbose parsed url   host: null,
110 verbose parsed url   port: null,
110 verbose parsed url   hostname: null,
110 verbose parsed url   hash: null,
110 verbose parsed url   search: null,
110 verbose parsed url   query: null,
110 verbose parsed url   pathname: 'jsonfile@^2.0.0',
110 verbose parsed url   path: 'jsonfile@^2.0.0',
110 verbose parsed url   href: 'jsonfile@^2.0.0' }
111 verbose cache add [ 'rimraf@^2.2.8', null ]
112 verbose cache add name=undefined spec="rimraf@^2.2.8" args=["rimraf@^2.2.8",null]
113 verbose parsed url { protocol: null,
113 verbose parsed url   slashes: null,
113 verbose parsed url   auth: null,
113 verbose parsed url   host: null,
113 verbose parsed url   port: null,
113 verbose parsed url   hostname: null,
113 verbose parsed url   hash: null,
113 verbose parsed url   search: null,
113 verbose parsed url   query: null,
113 verbose parsed url   pathname: 'rimraf@^2.2.8',
113 verbose parsed url   path: 'rimraf@^2.2.8',
113 verbose parsed url   href: 'rimraf@^2.2.8' }
114 verbose cache add name="ncp" spec="^1.0.1" args=["ncp","^1.0.1"]
115 verbose parsed url { protocol: null,
115 verbose parsed url   slashes: null,
115 verbose parsed url   auth: null,
115 verbose parsed url   host: null,
115 verbose parsed url   port: null,
115 verbose parsed url   hostname: null,
115 verbose parsed url   hash: null,
115 verbose parsed url   search: null,
115 verbose parsed url   query: null,
115 verbose parsed url   pathname: '^1.0.1',
115 verbose parsed url   path: '^1.0.1',
115 verbose parsed url   href: '^1.0.1' }
116 verbose addNamed [ 'ncp', '^1.0.1' ]
117 verbose addNamed [ null, '>=1.0.1-0 <2.0.0-0' ]
118 silly lockFile b7f32bb4-ncp-1-0-1 ncp@^1.0.1
119 verbose lock ncp@^1.0.1 C:\Users\Yaroslava\AppData\Roaming\npm-cache\b7f32bb4-ncp-1-0-1.lock
120 verbose cache add name="jsonfile" spec="^2.0.0" args=["jsonfile","^2.0.0"]
121 verbose parsed url { protocol: null,
121 verbose parsed url   slashes: null,
121 verbose parsed url   auth: null,
121 verbose parsed url   host: null,
121 verbose parsed url   port: null,
121 verbose parsed url   hostname: null,
121 verbose parsed url   hash: null,
121 verbose parsed url   search: null,
121 verbose parsed url   query: null,
121 verbose parsed url   pathname: '^2.0.0',
121 verbose parsed url   path: '^2.0.0',
121 verbose parsed url   href: '^2.0.0' }
122 verbose addNamed [ 'jsonfile', '^2.0.0' ]
123 verbose addNamed [ null, '>=2.0.0-0 <3.0.0-0' ]
124 silly lockFile de7238a7-jsonfile-2-0-0 jsonfile@^2.0.0
125 verbose lock jsonfile@^2.0.0 C:\Users\Yaroslava\AppData\Roaming\npm-cache\de7238a7-jsonfile-2-0-0.lock
126 verbose cache add name="rimraf" spec="^2.2.8" args=["rimraf","^2.2.8"]
127 verbose parsed url { protocol: null,
127 verbose parsed url   slashes: null,
127 verbose parsed url   auth: null,
127 verbose parsed url   host: null,
127 verbose parsed url   port: null,
127 verbose parsed url   hostname: null,
127 verbose parsed url   hash: null,
127 verbose parsed url   search: null,
127 verbose parsed url   query: null,
127 verbose parsed url   pathname: '^2.2.8',
127 verbose parsed url   path: '^2.2.8',
127 verbose parsed url   href: '^2.2.8' }
128 verbose addNamed [ 'rimraf', '^2.2.8' ]
129 verbose addNamed [ null, '>=2.2.8-0 <3.0.0-0' ]
130 silly lockFile e7d3f915-rimraf-2-2-8 rimraf@^2.2.8
131 verbose lock rimraf@^2.2.8 C:\Users\Yaroslava\AppData\Roaming\npm-cache\e7d3f915-rimraf-2-2-8.lock
132 silly addNameRange { name: 'rimraf', range: '>=2.2.8-0 <3.0.0-0', hasData: false }
133 silly addNameRange { name: 'ncp', range: '>=1.0.1-0 <2.0.0-0', hasData: false }
134 silly addNameRange { name: 'jsonfile', range: '>=2.0.0-0 <3.0.0-0', hasData: false }
135 verbose request where is /rimraf
136 verbose request registry https://registry.npmjs.org/
137 verbose url raw /rimraf
138 verbose url resolving [ 'https://registry.npmjs.org/', './rimraf' ]
139 verbose url resolved https://registry.npmjs.org/rimraf
140 verbose request where is https://registry.npmjs.org/rimraf
141 info trying registry request attempt 1 at 17:44:46
142 verbose etag "3HFBB7SBQXQGFZ9YDMRA2JJNB"
143 http GET https://registry.npmjs.org/rimraf
144 verbose request where is /jsonfile
145 verbose request registry https://registry.npmjs.org/
146 verbose url raw /jsonfile
147 verbose url resolving [ 'https://registry.npmjs.org/', './jsonfile' ]
148 verbose url resolved https://registry.npmjs.org/jsonfile
149 verbose request where is https://registry.npmjs.org/jsonfile
150 info trying registry request attempt 1 at 17:44:46
151 verbose etag "EEDOJ7ER7HS0LIJTQ4NCN0USK"
152 http GET https://registry.npmjs.org/jsonfile
153 verbose request where is /ncp
154 verbose request registry https://registry.npmjs.org/
155 verbose url raw /ncp
156 verbose url resolving [ 'https://registry.npmjs.org/', './ncp' ]
157 verbose url resolved https://registry.npmjs.org/ncp
158 verbose request where is https://registry.npmjs.org/ncp
159 info trying registry request attempt 1 at 17:44:46
160 verbose etag "798S99R5AI6FRGZ4RQOUS2J1U"
161 http GET https://registry.npmjs.org/ncp
162 http 304 https://registry.npmjs.org/jsonfile
163 silly registry.get cb [ 304,
163 silly registry.get   { date: 'Thu, 18 Dec 2014 15:44:49 GMT',
163 silly registry.get     server: 'Apache',
163 silly registry.get     via: '1.1 varnish',
163 silly registry.get     'last-modified': 'Thu, 18 Dec 2014 15:44:49 GMT',
163 silly registry.get     'cache-control': 'max-age=60',
163 silly registry.get     etag: '"EEDOJ7ER7HS0LIJTQ4NCN0USK"',
163 silly registry.get     age: '8',
163 silly registry.get     'x-served-by': 'cache-fra1246-FRA',
163 silly registry.get     'x-cache': 'HIT',
163 silly registry.get     'x-cache-hits': '1',
163 silly registry.get     'x-timer': 'S1418917489.035465,VS0,VE0',
163 silly registry.get     vary: 'Accept',
163 silly registry.get     'content-length': '0',
163 silly registry.get     'keep-alive': 'timeout=10, max=50',
163 silly registry.get     connection: 'Keep-Alive' } ]
164 verbose etag https://registry.npmjs.org/jsonfile from cache
165 http 304 https://registry.npmjs.org/ncp
166 silly registry.get cb [ 304,
166 silly registry.get   { date: 'Thu, 18 Dec 2014 15:44:49 GMT',
166 silly registry.get     server: 'Apache',
166 silly registry.get     via: '1.1 varnish',
166 silly registry.get     'last-modified': 'Thu, 18 Dec 2014 15:44:41 GMT',
166 silly registry.get     'cache-control': 'max-age=60',
166 silly registry.get     etag: '"798S99R5AI6FRGZ4RQOUS2J1U"',
166 silly registry.get     age: '13',
166 silly registry.get     'x-served-by': 'cache-fra1242-FRA',
166 silly registry.get     'x-cache': 'HIT',
166 silly registry.get     'x-cache-hits': '3',
166 silly registry.get     'x-timer': 'S1418917489.037206,VS0,VE0',
166 silly registry.get     vary: 'Accept',
166 silly registry.get     'content-length': '0',
166 silly registry.get     'keep-alive': 'timeout=10, max=50',
166 silly registry.get     connection: 'Keep-Alive' } ]
167 verbose etag https://registry.npmjs.org/ncp from cache
168 silly addNameRange number 2 { name: 'jsonfile', range: '>=2.0.0-0 <3.0.0-0', hasData: true }
169 silly addNameRange versions [ 'jsonfile',
169 silly addNameRange   [ '0.0.1', '1.0.0', '1.0.1', '1.1.0', '1.1.1', '1.2.0', '2.0.0' ] ]
170 verbose addNamed [ 'jsonfile', '2.0.0' ]
171 verbose addNamed [ '2.0.0', '2.0.0' ]
172 silly lockFile 53973583-jsonfile-2-0-0 jsonfile@2.0.0
173 verbose lock jsonfile@2.0.0 C:\Users\Yaroslava\AppData\Roaming\npm-cache\53973583-jsonfile-2-0-0.lock
174 silly addNameRange number 2 { name: 'ncp', range: '>=1.0.1-0 <2.0.0-0', hasData: true }
175 silly addNameRange versions [ 'ncp',
175 silly addNameRange   [ '0.0.0',
175 silly addNameRange     '0.0.1',
175 silly addNameRange     '0.0.2',
175 silly addNameRange     '0.1.0',
175 silly addNameRange     '0.1.1',
175 silly addNameRange     '0.1.2',
175 silly addNameRange     '0.2.0',
175 silly addNameRange     '0.2.1',
175 silly addNameRange     '0.2.2',
175 silly addNameRange     '0.2.3',
175 silly addNameRange     '0.2.4',
175 silly addNameRange     '0.2.5',
175 silly addNameRange     '0.2.6',
175 silly addNameRange     '0.3.0',
175 silly addNameRange     '0.4.0',
175 silly addNameRange     '0.2.7',
175 silly addNameRange     '0.4.1',
175 silly addNameRange     '0.4.2',
175 silly addNameRange     '0.5.0',
175 silly addNameRange     '0.5.1',
175 silly addNameRange     '0.6.0',
175 silly addNameRange     '1.0.0',
175 silly addNameRange     '1.0.1' ] ]
176 verbose addNamed [ 'ncp', '1.0.1' ]
177 verbose addNamed [ '1.0.1', '1.0.1' ]
178 silly lockFile 8c7f3829-ncp-1-0-1 ncp@1.0.1
179 verbose lock ncp@1.0.1 C:\Users\Yaroslava\AppData\Roaming\npm-cache\8c7f3829-ncp-1-0-1.lock
180 http 200 https://registry.npmjs.org/rimraf
181 silly registry.get cb [ 200,
181 silly registry.get   { date: 'Thu, 18 Dec 2014 15:44:49 GMT',
181 silly registry.get     server: 'CouchDB/1.5.0 (Erlang OTP/R16B03)',
181 silly registry.get     etag: '"3V0ZPF2UAUIGZDS50UPHLXWYX"',
181 silly registry.get     'content-type': 'application/json',
181 silly registry.get     'cache-control': 'max-age=60',
181 silly registry.get     'content-length': '32609',
181 silly registry.get     'accept-ranges': 'bytes',
181 silly registry.get     via: '1.1 varnish',
181 silly registry.get     age: '27',
181 silly registry.get     'x-served-by': 'cache-fra1238-FRA',
181 silly registry.get     'x-cache': 'HIT',
181 silly registry.get     'x-cache-hits': '2',
181 silly registry.get     'x-timer': 'S1418917489.015635,VS0,VE0',
181 silly registry.get     vary: 'Accept',
181 silly registry.get     'keep-alive': 'timeout=10, max=50',
181 silly registry.get     connection: 'Keep-Alive' } ]
182 silly lockFile 72294be4--org-jsonfile-jsonfile-2-0-0-tgz https://registry.npmjs.org/jsonfile/-/jsonfile-2.0.0.tgz
183 verbose lock https://registry.npmjs.org/jsonfile/-/jsonfile-2.0.0.tgz C:\Users\Yaroslava\AppData\Roaming\npm-cache\72294be4--org-jsonfile-jsonfile-2-0-0-tgz.lock
184 silly addNameRange number 2 { name: 'rimraf', range: '>=2.2.8-0 <3.0.0-0', hasData: true }
185 silly addNameRange versions [ 'rimraf',
185 silly addNameRange   [ '1.0.0',
185 silly addNameRange     '1.0.1',
185 silly addNameRange     '1.0.2',
185 silly addNameRange     '1.0.4',
185 silly addNameRange     '1.0.5',
185 silly addNameRange     '1.0.6',
185 silly addNameRange     '1.0.7',
185 silly addNameRange     '1.0.8',
185 silly addNameRange     '1.0.9',
185 silly addNameRange     '2.0.0',
185 silly addNameRange     '2.0.1',
185 silly addNameRange     '2.0.2',
185 silly addNameRange     '2.0.3',
185 silly addNameRange     '2.1.0',
185 silly addNameRange     '2.1.1',
185 silly addNameRange     '2.1.2',
185 silly addNameRange     '2.1.3',
185 silly addNameRange     '2.1.4',
185 silly addNameRange     '2.2.0',
185 silly addNameRange     '2.2.1',
185 silly addNameRange     '2.2.2',
185 silly addNameRange     '2.2.3',
185 silly addNameRange     '2.2.4',
185 silly addNameRange     '2.2.5',
185 silly addNameRange     '2.2.6',
185 silly addNameRange     '2.2.8' ] ]
186 verbose addNamed [ 'rimraf', '2.2.8' ]
187 verbose addNamed [ '2.2.8', '2.2.8' ]
188 silly lockFile b87241a4-rimraf-2-2-8 rimraf@2.2.8
189 verbose lock rimraf@2.2.8 C:\Users\Yaroslava\AppData\Roaming\npm-cache\b87241a4-rimraf-2-2-8.lock
190 verbose addRemoteTarball [ 'https://registry.npmjs.org/jsonfile/-/jsonfile-2.0.0.tgz',
190 verbose addRemoteTarball   'c3944f350bd3c078b392e0aa1633b44662fcf06b' ]
191 info retry fetch attempt 1 at 17:44:47
192 verbose fetch to= C:\Users\YAROSL~1\AppData\Local\Temp\npm-10012-9uV9oR1S\registry.npmjs.org\jsonfile\-\jsonfile-2.0.0.tgz
193 http GET https://registry.npmjs.org/jsonfile/-/jsonfile-2.0.0.tgz
194 silly lockFile 8c7f3829-ncp-1-0-1 ncp@1.0.1
195 silly lockFile 8c7f3829-ncp-1-0-1 ncp@1.0.1
196 silly lockFile b7f32bb4-ncp-1-0-1 ncp@^1.0.1
197 silly lockFile b7f32bb4-ncp-1-0-1 ncp@^1.0.1
198 silly lockFile b87241a4-rimraf-2-2-8 rimraf@2.2.8
199 silly lockFile b87241a4-rimraf-2-2-8 rimraf@2.2.8
200 silly lockFile e7d3f915-rimraf-2-2-8 rimraf@^2.2.8
201 silly lockFile e7d3f915-rimraf-2-2-8 rimraf@^2.2.8
202 http 200 https://registry.npmjs.org/jsonfile/-/jsonfile-2.0.0.tgz
203 silly lockFile 72294be4--org-jsonfile-jsonfile-2-0-0-tgz https://registry.npmjs.org/jsonfile/-/jsonfile-2.0.0.tgz
204 silly lockFile 72294be4--org-jsonfile-jsonfile-2-0-0-tgz https://registry.npmjs.org/jsonfile/-/jsonfile-2.0.0.tgz
205 silly lockFile 53973583-jsonfile-2-0-0 jsonfile@2.0.0
206 silly lockFile 53973583-jsonfile-2-0-0 jsonfile@2.0.0
207 silly lockFile de7238a7-jsonfile-2-0-0 jsonfile@^2.0.0
208 silly lockFile de7238a7-jsonfile-2-0-0 jsonfile@^2.0.0
209 silly resolved [ { name: 'ncp',
209 silly resolved     version: '1.0.1',
209 silly resolved     author: { name: 'AvianFlu', email: 'charlie@charlieistheman.com' },
209 silly resolved     description: 'Asynchronous recursive file copy utility.',
209 silly resolved     bin: { ncp: './bin/ncp' },
209 silly resolved     devDependencies: { mocha: '1.15.x', rimraf: '1.0.x', 'read-dir-files': '0.0.x' },
209 silly resolved     main: './lib/ncp.js',
209 silly resolved     repository: { type: 'git', url: 'https://github.com/AvianFlu/ncp.git' },
209 silly resolved     keywords: [ 'cli', 'copy' ],
209 silly resolved     license: 'MIT',
209 silly resolved     engine: { node: '>=0.8' },
209 silly resolved     scripts: { test: 'mocha -R spec' },
209 silly resolved     gitHead: 'e9e6fae157e94e6c55b8edae70779bf12b0d2476',
209 silly resolved     bugs: { url: 'https://github.com/AvianFlu/ncp/issues' },
209 silly resolved     homepage: 'https://github.com/AvianFlu/ncp',
209 silly resolved     _id: 'ncp@1.0.1',
209 silly resolved     _shasum: 'd15367e5cb87432ba117d2bf80fdf45aecfb4246',
209 silly resolved     _from: 'ncp@^1.0.1',
209 silly resolved     _npmVersion: '2.1.2',
209 silly resolved     _nodeVersion: '0.10.32',
209 silly resolved     _npmUser: { name: 'avianflu', email: 'charlie@charlieistheman.com' },
209 silly resolved     maintainers: [ [Object], [Object] ],
209 silly resolved     dist:
209 silly resolved      { shasum: 'd15367e5cb87432ba117d2bf80fdf45aecfb4246',
209 silly resolved        tarball: 'http://registry.npmjs.org/ncp/-/ncp-1.0.1.tgz' },
209 silly resolved     directories: {},
209 silly resolved     _resolved: 'https://registry.npmjs.org/ncp/-/ncp-1.0.1.tgz',
209 silly resolved     readme: 'ERROR: No README data found!' },
209 silly resolved   { name: 'rimraf',
209 silly resolved     version: '2.2.8',
209 silly resolved     main: 'rimraf.js',
209 silly resolved     description: 'A deep deletion module for node (like `rm -rf`)',
209 silly resolved     author:
209 silly resolved      { name: 'Isaac Z. Schlueter',
209 silly resolved        email: 'i@izs.me',
209 silly resolved        url: 'http://blog.izs.me/' },
209 silly resolved     license:
209 silly resolved      { type: 'MIT',
209 silly resolved        url: 'https://github.com/isaacs/rimraf/raw/master/LICENSE' },
209 silly resolved     repository: { type: 'git', url: 'git://github.com/isaacs/rimraf.git' },
209 silly resolved     scripts: { test: 'cd test && bash run.sh' },
209 silly resolved     bin: { rimraf: './bin.js' },
209 silly resolved     contributors: [ [Object], [Object], [Object], [Object], [Object] ],
209 silly resolved     bugs: { url: 'https://github.com/isaacs/rimraf/issues' },
209 silly resolved     homepage: 'https://github.com/isaacs/rimraf',
209 silly resolved     _id: 'rimraf@2.2.8',
209 silly resolved     _shasum: 'e439be2aaee327321952730f99a8929e4fc50582',
209 silly resolved     _from: 'rimraf@^2.2.8',
209 silly resolved     _npmVersion: '1.4.10',
209 silly resolved     _npmUser: { name: 'isaacs', email: 'i@izs.me' },
209 silly resolved     maintainers: [ [Object] ],
209 silly resolved     dist:
209 silly resolved      { shasum: 'e439be2aaee327321952730f99a8929e4fc50582',
209 silly resolved        tarball: 'http://registry.npmjs.org/rimraf/-/rimraf-2.2.8.tgz' },
209 silly resolved     directories: {},
209 silly resolved     _resolved: 'https://registry.npmjs.org/rimraf/-/rimraf-2.2.8.tgz',
209 silly resolved     readme: 'ERROR: No README data found!' },
209 silly resolved   { name: 'jsonfile',
209 silly resolved     version: '2.0.0',
209 silly resolved     description: 'Easily read/write JSON files.',
209 silly resolved     repository:
209 silly resolved      { type: 'git',
209 silly resolved        url: 'git@github.com:jprichardson/node-jsonfile.git' },
209 silly resolved     keywords: [ 'read', 'write', 'file', 'json' ],
209 silly resolved     author: { name: 'JP Richardson', email: 'jprichardson@gmail.com' },
209 silly resolved     licenses: [ [Object] ],
209 silly resolved     dependencies: {},
209 silly resolved     devDependencies: { testutil: '^0.7.0', mocha: '*', terst: '^0.2.0' },
209 silly resolved     main: './lib/jsonfile.js',
209 silly resolved     scripts: { test: 'mocha test' },
209 silly resolved     bugs: { url: 'https://github.com/jprichardson/node-jsonfile/issues' },
209 silly resolved     homepage: 'https://github.com/jprichardson/node-jsonfile',
209 silly resolved     _id: 'jsonfile@2.0.0',
209 silly resolved     dist:
209 silly resolved      { shasum: 'c3944f350bd3c078b392e0aa1633b44662fcf06b',
209 silly resolved        tarball: 'http://registry.npmjs.org/jsonfile/-/jsonfile-2.0.0.tgz' },
209 silly resolved     _from: 'jsonfile@^2.0.0',
209 silly resolved     _npmVersion: '1.4.3',
209 silly resolved     _npmUser: { name: 'jp', email: 'jprichardson@gmail.com' },
209 silly resolved     maintainers: [ [Object] ],
209 silly resolved     directories: {},
209 silly resolved     _shasum: 'c3944f350bd3c078b392e0aa1633b44662fcf06b',
209 silly resolved     _resolved: 'https://registry.npmjs.org/jsonfile/-/jsonfile-2.0.0.tgz' } ]
210 info install ncp@1.0.1 into c:\Users\Yaroslava\MaKE_DIr\FrontEndProject_Reader\node_modules\fs-extra
211 info install rimraf@2.2.8 into c:\Users\Yaroslava\MaKE_DIr\FrontEndProject_Reader\node_modules\fs-extra
212 info install jsonfile@2.0.0 into c:\Users\Yaroslava\MaKE_DIr\FrontEndProject_Reader\node_modules\fs-extra
213 info installOne ncp@1.0.1
214 info installOne rimraf@2.2.8
215 info installOne jsonfile@2.0.0
216 verbose node_modules\fs-extra\node_modules\ncp unbuild
217 verbose node_modules\fs-extra\node_modules\rimraf unbuild
218 verbose tar unpack C:\Users\Yaroslava\AppData\Roaming\npm-cache\ncp\1.0.1\package.tgz
219 silly lockFile 87fe4f48-odules-fs-extra-node-modules-ncp tar://c:\Users\Yaroslava\MaKE_DIr\FrontEndProject_Reader\node_modules\fs-extra\node_modules\ncp
220 verbose lock tar://c:\Users\Yaroslava\MaKE_DIr\FrontEndProject_Reader\node_modules\fs-extra\node_modules\ncp C:\Users\Yaroslava\AppData\Roaming\npm-cache\87fe4f48-odules-fs-extra-node-modules-ncp.lock
221 silly lockFile ddf6049e--npm-cache-ncp-1-0-1-package-tgz tar://C:\Users\Yaroslava\AppData\Roaming\npm-cache\ncp\1.0.1\package.tgz
222 verbose lock tar://C:\Users\Yaroslava\AppData\Roaming\npm-cache\ncp\1.0.1\package.tgz C:\Users\Yaroslava\AppData\Roaming\npm-cache\ddf6049e--npm-cache-ncp-1-0-1-package-tgz.lock
223 verbose tar unpack C:\Users\Yaroslava\AppData\Roaming\npm-cache\rimraf\2.2.8\package.tgz
224 silly lockFile 78c36648-les-fs-extra-node-modules-rimraf tar://c:\Users\Yaroslava\MaKE_DIr\FrontEndProject_Reader\node_modules\fs-extra\node_modules\rimraf
225 verbose lock tar://c:\Users\Yaroslava\MaKE_DIr\FrontEndProject_Reader\node_modules\fs-extra\node_modules\rimraf C:\Users\Yaroslava\AppData\Roaming\npm-cache\78c36648-les-fs-extra-node-modules-rimraf.lock
226 silly lockFile 4d5ab123-m-cache-rimraf-2-2-8-package-tgz tar://C:\Users\Yaroslava\AppData\Roaming\npm-cache\rimraf\2.2.8\package.tgz
227 verbose lock tar://C:\Users\Yaroslava\AppData\Roaming\npm-cache\rimraf\2.2.8\package.tgz C:\Users\Yaroslava\AppData\Roaming\npm-cache\4d5ab123-m-cache-rimraf-2-2-8-package-tgz.lock
228 verbose node_modules\fs-extra\node_modules\jsonfile unbuild
229 silly gunzTarPerm modes [ '777', '666' ]
230 silly gunzTarPerm modes [ '777', '666' ]
231 verbose tar unpack C:\Users\Yaroslava\AppData\Roaming\npm-cache\jsonfile\2.0.0\package.tgz
232 silly lockFile 170fde73-s-fs-extra-node-modules-jsonfile tar://c:\Users\Yaroslava\MaKE_DIr\FrontEndProject_Reader\node_modules\fs-extra\node_modules\jsonfile
233 verbose lock tar://c:\Users\Yaroslava\MaKE_DIr\FrontEndProject_Reader\node_modules\fs-extra\node_modules\jsonfile C:\Users\Yaroslava\AppData\Roaming\npm-cache\170fde73-s-fs-extra-node-modules-jsonfile.lock
234 silly lockFile b86c9bea-cache-jsonfile-2-0-0-package-tgz tar://C:\Users\Yaroslava\AppData\Roaming\npm-cache\jsonfile\2.0.0\package.tgz
235 verbose lock tar://C:\Users\Yaroslava\AppData\Roaming\npm-cache\jsonfile\2.0.0\package.tgz C:\Users\Yaroslava\AppData\Roaming\npm-cache\b86c9bea-cache-jsonfile-2-0-0-package-tgz.lock
236 silly gunzTarPerm extractEntry package.json
237 silly gunzTarPerm modified mode [ 'package.json', 420, 438 ]
238 silly gunzTarPerm extractEntry .npmignore
239 silly gunzTarPerm modified mode [ '.npmignore', 420, 438 ]
240 silly gunzTarPerm extractEntry README.md
241 silly gunzTarPerm modified mode [ 'README.md', 420, 438 ]
242 silly gunzTarPerm modes [ '777', '666' ]
243 silly gunzTarPerm extractEntry package.json
244 silly gunzTarPerm modified mode [ 'package.json', 420, 438 ]
245 silly gunzTarPerm extractEntry .npmignore
246 silly gunzTarPerm modified mode [ '.npmignore', 420, 438 ]
247 silly gunzTarPerm extractEntry README.md
248 silly gunzTarPerm modified mode [ 'README.md', 420, 438 ]
249 silly gunzTarPerm extractEntry .travis.yml
250 silly gunzTarPerm modified mode [ '.travis.yml', 420, 438 ]
251 silly gunzTarPerm extractEntry LICENSE.md
252 silly gunzTarPerm modified mode [ 'LICENSE.md', 420, 438 ]
253 silly gunzTarPerm extractEntry LICENSE
254 silly gunzTarPerm modified mode [ 'LICENSE', 420, 438 ]
255 silly gunzTarPerm extractEntry CHANGELOG.md
256 silly gunzTarPerm modified mode [ 'CHANGELOG.md', 420, 438 ]
257 silly gunzTarPerm extractEntry bin/ncp
258 silly gunzTarPerm modified mode [ 'bin/ncp', 493, 511 ]
259 silly gunzTarPerm extractEntry lib/ncp.js
260 silly gunzTarPerm modified mode [ 'lib/ncp.js', 420, 438 ]
261 silly gunzTarPerm extractEntry package.json
262 silly gunzTarPerm modified mode [ 'package.json', 420, 438 ]
263 silly gunzTarPerm extractEntry README.md
264 silly gunzTarPerm modified mode [ 'README.md', 420, 438 ]
265 silly gunzTarPerm extractEntry LICENSE
266 silly gunzTarPerm modified mode [ 'LICENSE', 420, 438 ]
267 silly gunzTarPerm extractEntry lib/jsonfile.js
268 silly gunzTarPerm modified mode [ 'lib/jsonfile.js', 420, 438 ]
269 silly gunzTarPerm extractEntry bin.js
270 silly gunzTarPerm modified mode [ 'bin.js', 493, 511 ]
271 silly gunzTarPerm extractEntry rimraf.js
272 silly gunzTarPerm modified mode [ 'rimraf.js', 420, 438 ]
273 silly gunzTarPerm extractEntry test/ncp.js
274 silly gunzTarPerm modified mode [ 'test/ncp.js', 420, 438 ]
275 silly gunzTarPerm extractEntry AUTHORS
276 silly gunzTarPerm modified mode [ 'AUTHORS', 420, 438 ]
277 silly gunzTarPerm extractEntry test/test-async.js
278 silly gunzTarPerm modified mode [ 'test/test-async.js', 420, 438 ]
279 silly gunzTarPerm extractEntry test/test-sync.js
280 silly gunzTarPerm modified mode [ 'test/test-sync.js', 420, 438 ]
281 silly gunzTarPerm extractEntry test/run.sh
282 silly gunzTarPerm modified mode [ 'test/run.sh', 420, 438 ]
283 silly gunzTarPerm extractEntry test/setup.sh
284 silly gunzTarPerm modified mode [ 'test/setup.sh', 420, 438 ]
285 silly gunzTarPerm extractEntry test/modified-files/out/a
286 silly gunzTarPerm modified mode [ 'test/modified-files/out/a', 420, 438 ]
287 silly gunzTarPerm extractEntry test/modified-files/src/a
288 silly gunzTarPerm modified mode [ 'test/modified-files/src/a', 420, 438 ]
289 silly gunzTarPerm extractEntry test/regular-fixtures/src/a
290 silly gunzTarPerm modified mode [ 'test/regular-fixtures/src/a', 420, 438 ]
291 silly gunzTarPerm extractEntry test/regular-fixtures/src/b
292 silly gunzTarPerm modified mode [ 'test/regular-fixtures/src/b', 420, 438 ]
293 silly lockFile 170fde73-s-fs-extra-node-modules-jsonfile tar://c:\Users\Yaroslava\MaKE_DIr\FrontEndProject_Reader\node_modules\fs-extra\node_modules\jsonfile
294 silly lockFile 170fde73-s-fs-extra-node-modules-jsonfile tar://c:\Users\Yaroslava\MaKE_DIr\FrontEndProject_Reader\node_modules\fs-extra\node_modules\jsonfile
295 silly lockFile b86c9bea-cache-jsonfile-2-0-0-package-tgz tar://C:\Users\Yaroslava\AppData\Roaming\npm-cache\jsonfile\2.0.0\package.tgz
296 silly lockFile b86c9bea-cache-jsonfile-2-0-0-package-tgz tar://C:\Users\Yaroslava\AppData\Roaming\npm-cache\jsonfile\2.0.0\package.tgz
297 silly gunzTarPerm extractEntry test/regular-fixtures/src/c
298 silly gunzTarPerm modified mode [ 'test/regular-fixtures/src/c', 420, 438 ]
299 silly gunzTarPerm extractEntry test/regular-fixtures/src/d
300 silly gunzTarPerm modified mode [ 'test/regular-fixtures/src/d', 420, 438 ]
301 info preinstall jsonfile@2.0.0
302 verbose readDependencies using package.json deps
303 verbose readDependencies using package.json deps
304 silly resolved []
305 verbose about to build c:\Users\Yaroslava\MaKE_DIr\FrontEndProject_Reader\node_modules\fs-extra\node_modules\jsonfile
306 info build c:\Users\Yaroslava\MaKE_DIr\FrontEndProject_Reader\node_modules\fs-extra\node_modules\jsonfile
307 verbose linkStuff [ false,
307 verbose linkStuff   false,
307 verbose linkStuff   false,
307 verbose linkStuff   'c:\\Users\\Yaroslava\\MaKE_DIr\\FrontEndProject_Reader\\node_modules\\fs-extra\\node_modules' ]
308 info linkStuff jsonfile@2.0.0
309 verbose linkBins jsonfile@2.0.0
310 verbose linkMans jsonfile@2.0.0
311 verbose rebuildBundles jsonfile@2.0.0
312 info install jsonfile@2.0.0
313 info postinstall jsonfile@2.0.0
314 silly gunzTarPerm extractEntry test/regular-fixtures/src/e
315 silly gunzTarPerm modified mode [ 'test/regular-fixtures/src/e', 420, 438 ]
316 silly gunzTarPerm extractEntry test/regular-fixtures/src/f
317 silly gunzTarPerm modified mode [ 'test/regular-fixtures/src/f', 420, 438 ]
318 silly gunzTarPerm extractEntry test/regular-fixtures/src/sub/a
319 silly gunzTarPerm modified mode [ 'test/regular-fixtures/src/sub/a', 420, 438 ]
320 silly gunzTarPerm extractEntry test/regular-fixtures/src/sub/b
321 silly gunzTarPerm modified mode [ 'test/regular-fixtures/src/sub/b', 420, 438 ]
322 silly gunzTarPerm extractEntry test/symlink-fixtures/src/dir/bar
323 silly gunzTarPerm modified mode [ 'test/symlink-fixtures/src/dir/bar', 420, 438 ]
324 silly gunzTarPerm extractEntry test/symlink-fixtures/src/foo
325 silly gunzTarPerm modified mode [ 'test/symlink-fixtures/src/foo', 420, 438 ]
326 silly lockFile 78c36648-les-fs-extra-node-modules-rimraf tar://c:\Users\Yaroslava\MaKE_DIr\FrontEndProject_Reader\node_modules\fs-extra\node_modules\rimraf
327 silly lockFile 78c36648-les-fs-extra-node-modules-rimraf tar://c:\Users\Yaroslava\MaKE_DIr\FrontEndProject_Reader\node_modules\fs-extra\node_modules\rimraf
328 silly lockFile 4d5ab123-m-cache-rimraf-2-2-8-package-tgz tar://C:\Users\Yaroslava\AppData\Roaming\npm-cache\rimraf\2.2.8\package.tgz
329 silly lockFile 4d5ab123-m-cache-rimraf-2-2-8-package-tgz tar://C:\Users\Yaroslava\AppData\Roaming\npm-cache\rimraf\2.2.8\package.tgz
330 info preinstall rimraf@2.2.8
331 verbose readDependencies using package.json deps
332 verbose readDependencies using package.json deps
333 silly resolved []
334 verbose about to build c:\Users\Yaroslava\MaKE_DIr\FrontEndProject_Reader\node_modules\fs-extra\node_modules\rimraf
335 info build c:\Users\Yaroslava\MaKE_DIr\FrontEndProject_Reader\node_modules\fs-extra\node_modules\rimraf
336 verbose linkStuff [ false,
336 verbose linkStuff   false,
336 verbose linkStuff   false,
336 verbose linkStuff   'c:\\Users\\Yaroslava\\MaKE_DIr\\FrontEndProject_Reader\\node_modules\\fs-extra\\node_modules' ]
337 info linkStuff rimraf@2.2.8
338 verbose linkBins rimraf@2.2.8
339 verbose link bins [ { rimraf: './bin.js' },
339 verbose link bins   'c:\\Users\\Yaroslava\\MaKE_DIr\\FrontEndProject_Reader\\node_modules\\fs-extra\\node_modules\\.bin',
339 verbose link bins   false ]
340 verbose linkMans rimraf@2.2.8
341 verbose rebuildBundles rimraf@2.2.8
342 info install rimraf@2.2.8
343 info postinstall rimraf@2.2.8
344 silly lockFile 87fe4f48-odules-fs-extra-node-modules-ncp tar://c:\Users\Yaroslava\MaKE_DIr\FrontEndProject_Reader\node_modules\fs-extra\node_modules\ncp
345 silly lockFile 87fe4f48-odules-fs-extra-node-modules-ncp tar://c:\Users\Yaroslava\MaKE_DIr\FrontEndProject_Reader\node_modules\fs-extra\node_modules\ncp
346 silly lockFile ddf6049e--npm-cache-ncp-1-0-1-package-tgz tar://C:\Users\Yaroslava\AppData\Roaming\npm-cache\ncp\1.0.1\package.tgz
347 silly lockFile ddf6049e--npm-cache-ncp-1-0-1-package-tgz tar://C:\Users\Yaroslava\AppData\Roaming\npm-cache\ncp\1.0.1\package.tgz
348 info preinstall ncp@1.0.1
349 verbose readDependencies using package.json deps
350 verbose readDependencies using package.json deps
351 silly resolved []
352 verbose about to build c:\Users\Yaroslava\MaKE_DIr\FrontEndProject_Reader\node_modules\fs-extra\node_modules\ncp
353 info build c:\Users\Yaroslava\MaKE_DIr\FrontEndProject_Reader\node_modules\fs-extra\node_modules\ncp
354 verbose linkStuff [ false,
354 verbose linkStuff   false,
354 verbose linkStuff   false,
354 verbose linkStuff   'c:\\Users\\Yaroslava\\MaKE_DIr\\FrontEndProject_Reader\\node_modules\\fs-extra\\node_modules' ]
355 info linkStuff ncp@1.0.1
356 verbose linkBins ncp@1.0.1
357 verbose link bins [ { ncp: './bin/ncp' },
357 verbose link bins   'c:\\Users\\Yaroslava\\MaKE_DIr\\FrontEndProject_Reader\\node_modules\\fs-extra\\node_modules\\.bin',
357 verbose link bins   false ]
358 verbose linkMans ncp@1.0.1
359 verbose rebuildBundles ncp@1.0.1
360 info install ncp@1.0.1
361 info postinstall ncp@1.0.1
362 verbose about to build c:\Users\Yaroslava\MaKE_DIr\FrontEndProject_Reader\node_modules\fs-extra
363 info build c:\Users\Yaroslava\MaKE_DIr\FrontEndProject_Reader\node_modules\fs-extra
364 verbose linkStuff [ false,
364 verbose linkStuff   false,
364 verbose linkStuff   false,
364 verbose linkStuff   'c:\\Users\\Yaroslava\\MaKE_DIr\\FrontEndProject_Reader\\node_modules' ]
365 info linkStuff fs-extra@0.13.0
366 verbose linkBins fs-extra@0.13.0
367 verbose linkMans fs-extra@0.13.0
368 verbose rebuildBundles fs-extra@0.13.0
369 verbose rebuildBundles [ '.bin', 'jsonfile', 'ncp', 'rimraf' ]
370 info install fs-extra@0.13.0
371 info postinstall fs-extra@0.13.0
372 info build c:\Users\Yaroslava\MaKE_DIr\FrontEndProject_Reader
373 verbose linkStuff [ false, false, false, 'c:\\Users\\Yaroslava\\MaKE_DIr' ]
374 info linkStuff fb2Reader@0.0.0
375 verbose linkBins fb2Reader@0.0.0
376 verbose linkMans fb2Reader@0.0.0
377 verbose rebuildBundles fb2Reader@0.0.0
378 verbose rebuildBundles [ '.bin',
378 verbose rebuildBundles   'express',
378 verbose rebuildBundles   'fs-extra',
378 verbose rebuildBundles   'grunt',
378 verbose rebuildBundles   'grunt-contrib',
378 verbose rebuildBundles   'grunt-contrib-cssmin',
378 verbose rebuildBundles   'grunt-contrib-jshint',
378 verbose rebuildBundles   'grunt-contrib-less',
378 verbose rebuildBundles   'grunt-contrib-requirejs',
378 verbose rebuildBundles   'grunt-contrib-uglify',
378 verbose rebuildBundles   'grunt-contrib-watch',
378 verbose rebuildBundles   'grunt-nodemon',
378 verbose rebuildBundles   'iconv-lite',
378 verbose rebuildBundles   'jquery-file-upload-middleware',
378 verbose rebuildBundles   'jschardet',
378 verbose rebuildBundles   'rmdir',
378 verbose rebuildBundles   'unzip',
378 verbose rebuildBundles   'wikipedia-js',
378 verbose rebuildBundles   'xml2js' ]
379 verbose rebuild bundle c:\Users\Yaroslava\MaKE_DIr\FrontEndProject_Reader\node_modules\grunt-contrib
380 info build c:\Users\Yaroslava\MaKE_DIr\FrontEndProject_Reader\node_modules\grunt-contrib
381 info preinstall grunt-contrib@0.11.0
382 verbose linkStuff [ false,
382 verbose linkStuff   false,
382 verbose linkStuff   false,
382 verbose linkStuff   'c:\\Users\\Yaroslava\\MaKE_DIr\\FrontEndProject_Reader\\node_modules' ]
383 info linkStuff grunt-contrib@0.11.0
384 verbose linkBins grunt-contrib@0.11.0
385 verbose linkMans grunt-contrib@0.11.0
386 verbose rebuildBundles grunt-contrib@0.11.0
387 verbose rebuildBundles [ 'matchdep' ]
388 info install grunt-contrib@0.11.0
389 info postinstall grunt-contrib@0.11.0
390 verbose rebuild bundle c:\Users\Yaroslava\MaKE_DIr\FrontEndProject_Reader\node_modules\grunt-contrib-jshint
391 info build c:\Users\Yaroslava\MaKE_DIr\FrontEndProject_Reader\node_modules\grunt-contrib-jshint
392 info preinstall grunt-contrib-jshint@0.10.0
393 verbose linkStuff [ false,
393 verbose linkStuff   false,
393 verbose linkStuff   false,
393 verbose linkStuff   'c:\\Users\\Yaroslava\\MaKE_DIr\\FrontEndProject_Reader\\node_modules' ]
394 info linkStuff grunt-contrib-jshint@0.10.0
395 verbose linkBins grunt-contrib-jshint@0.10.0
396 verbose linkMans grunt-contrib-jshint@0.10.0
397 verbose rebuildBundles grunt-contrib-jshint@0.10.0
398 verbose rebuildBundles [ 'hooker', 'jshint' ]
399 info install grunt-contrib-jshint@0.10.0
400 info postinstall grunt-contrib-jshint@0.10.0
401 verbose rebuild bundle c:\Users\Yaroslava\MaKE_DIr\FrontEndProject_Reader\node_modules\grunt-contrib-uglify
402 info build c:\Users\Yaroslava\MaKE_DIr\FrontEndProject_Reader\node_modules\grunt-contrib-uglify
403 info preinstall grunt-contrib-uglify@0.6.0
404 verbose linkStuff [ false,
404 verbose linkStuff   false,
404 verbose linkStuff   false,
404 verbose linkStuff   'c:\\Users\\Yaroslava\\MaKE_DIr\\FrontEndProject_Reader\\node_modules' ]
405 info linkStuff grunt-contrib-uglify@0.6.0
406 verbose linkBins grunt-contrib-uglify@0.6.0
407 verbose linkMans grunt-contrib-uglify@0.6.0
408 verbose rebuildBundles grunt-contrib-uglify@0.6.0
409 verbose rebuildBundles [ '.bin', 'chalk', 'lodash', 'maxmin', 'uglify-js', 'uri-path' ]
410 info install grunt-contrib-uglify@0.6.0
411 info postinstall grunt-contrib-uglify@0.6.0
412 verbose rebuild bundle c:\Users\Yaroslava\MaKE_DIr\FrontEndProject_Reader\node_modules\wikipedia-js
413 info build c:\Users\Yaroslava\MaKE_DIr\FrontEndProject_Reader\node_modules\wikipedia-js
414 info preinstall wikipedia-js@0.0.6
415 verbose linkStuff [ false,
415 verbose linkStuff   false,
415 verbose linkStuff   false,
415 verbose linkStuff   'c:\\Users\\Yaroslava\\MaKE_DIr\\FrontEndProject_Reader\\node_modules' ]
416 info linkStuff wikipedia-js@0.0.6
417 verbose linkBins wikipedia-js@0.0.6
418 verbose linkMans wikipedia-js@0.0.6
419 verbose rebuildBundles wikipedia-js@0.0.6
420 verbose rebuildBundles [ 'cheerio', 'superagent', 'underscore', 'underscore.string' ]
421 info install wikipedia-js@0.0.6
422 info postinstall wikipedia-js@0.0.6
423 info install fb2Reader@0.0.0
424 info postinstall fb2Reader@0.0.0
425 info prepublish fb2Reader@0.0.0
426 error peerinvalid The package grunt-contrib-cssmin does not satisfy its siblings' peerDependencies requirements!
426 error peerinvalid Peer grunt-contrib@0.11.0 wants grunt-contrib-cssmin@~0.9.0
427 error System Windows_NT 6.2.9200
428 error command "c:\\Program Files\\nodejs\\node.exe" "c:\\Program Files\\nodejs\\node_modules\\npm\\bin\\npm-cli.js" "install"
429 error cwd c:\Users\Yaroslava\MaKE_DIr\FrontEndProject_Reader\dist
430 error node -v v0.10.32
431 error npm -v 1.4.28
432 error code EPEERINVALID
433 verbose exit [ 1, true ]
